<?xml version="1.0" encoding="UTF-8"?>
<testng-results ignored="5" total="11" passed="5" failed="1" skipped="0">
  <reporter-output>
  </reporter-output>
  <suite started-at="2022-03-18T21:32:50 IST" name="annular Suite" finished-at="2022-03-18T21:35:20 IST" duration-ms="150128">
    <groups>
      <group name="cucumber">
        <method signature="AbstractTestNGCucumberTests.runScenario(cucumber.api.testng.PickleEventWrapper, cucumber.api.testng.CucumberFeatureWrapper)[pri:0, instance:com.annular.testrunners.TC_101@3d5c822d]" name="runScenario" class="cucumber.api.testng.AbstractTestNGCucumberTests"/>
        <method signature="AbstractTestNGCucumberTests.runScenario(cucumber.api.testng.PickleEventWrapper, cucumber.api.testng.CucumberFeatureWrapper)[pri:0, instance:com.annular.testrunners.TC_102@6f46426d]" name="runScenario" class="cucumber.api.testng.AbstractTestNGCucumberTests"/>
        <method signature="AbstractTestNGCucumberTests.runScenario(cucumber.api.testng.PickleEventWrapper, cucumber.api.testng.CucumberFeatureWrapper)[pri:0, instance:com.annular.testrunners.TC_103@73700b80]" name="runScenario" class="cucumber.api.testng.AbstractTestNGCucumberTests"/>
        <method signature="AbstractTestNGCucumberTests.runScenario(cucumber.api.testng.PickleEventWrapper, cucumber.api.testng.CucumberFeatureWrapper)[pri:0, instance:com.annular.testrunners.TC_104@49c7b90e]" name="runScenario" class="cucumber.api.testng.AbstractTestNGCucumberTests"/>
        <method signature="AbstractTestNGCucumberTests.runScenario(cucumber.api.testng.PickleEventWrapper, cucumber.api.testng.CucumberFeatureWrapper)[pri:0, instance:com.annular.testrunners.TC_105@10d307f1]" name="runScenario" class="cucumber.api.testng.AbstractTestNGCucumberTests"/>
        <method signature="AbstractTestNGCucumberTests.runScenario(cucumber.api.testng.PickleEventWrapper, cucumber.api.testng.CucumberFeatureWrapper)[pri:0, instance:com.annular.testrunners.TC_106@4d5b6aac]" name="runScenario" class="cucumber.api.testng.AbstractTestNGCucumberTests"/>
      </group> <!-- cucumber -->
    </groups>
    <test started-at="2022-03-18T21:32:50 IST" name="Run All Tests in Google Chrome" finished-at="2022-03-18T21:35:20 IST" duration-ms="150128">
      <class name="com.annular.testrunners.TC_106">
        <test-method is-config="true" signature="setUpClass()[pri:0, instance:com.annular.testrunners.TC_106@4d5b6aac]" started-at="2022-03-18T21:33:52 IST" name="setUpClass" finished-at="2022-03-18T21:33:52 IST" duration-ms="4" status="PASS">
          <reporter-output>
          </reporter-output>
        </test-method> <!-- setUpClass -->
        <test-method is-config="true" signature="setUp(java.lang.String, java.lang.String, java.lang.String)[pri:0, instance:com.annular.testrunners.TC_106@4d5b6aac]" started-at="2022-03-18T21:33:52 IST" name="setUp" finished-at="2022-03-18T21:33:52 IST" duration-ms="0" status="PASS">
          <params>
            <param index="0">
              <value>
                <![CDATA[chrome]]>
              </value>
            </param>
            <param index="1">
              <value>
                <![CDATA[91.0]]>
              </value>
            </param>
            <param index="2">
              <value>
                <![CDATA[false]]>
              </value>
            </param>
          </params>
          <reporter-output>
          </reporter-output>
        </test-method> <!-- setUp -->
        <test-method is-config="true" signature="beforemethod()[pri:0, instance:com.annular.testrunners.TC_106@4d5b6aac]" started-at="2022-03-18T21:33:52 IST" name="beforemethod" finished-at="2022-03-18T21:33:52 IST" duration-ms="1" status="PASS">
          <reporter-output>
          </reporter-output>
        </test-method> <!-- beforemethod -->
        <test-method signature="runScenario(cucumber.api.testng.PickleEventWrapper, cucumber.api.testng.CucumberFeatureWrapper)[pri:0, instance:com.annular.testrunners.TC_106@4d5b6aac]" started-at="2022-03-18T21:33:52 IST" name="runScenario" description="Runs Cucumber Scenarios" data-provider="scenarios" finished-at="2022-03-18T21:35:19 IST" duration-ms="87009" status="FAIL">
          <params>
            <param index="0">
              <value>
                <![CDATA["Dragabble"]]>
              </value>
            </param>
            <param index="1">
              <value>
                <![CDATA["Dragagable button"]]>
              </value>
            </param>
          </params>
          <exception class="com.codeborne.selenide.ex.ElementNotFound">
            <message>
              <![CDATA[Element not found {By.xpath: //div[@style='background-color: forestgreen; position: relative;']}
Expected: visible
Timeout: 80 s.
Caused by: NoSuchElementException: no such element: Unable to locate element: {"method":"xpath","selector":"//div[@style='background-color: forestgreen; position: relative;']"}]]>
            </message>
            <full-stacktrace>
              <![CDATA[Element not found {By.xpath: //div[@style='background-color: forestgreen; position: relative;']}
Expected: visible
Timeout: 80 s.
Caused by: NoSuchElementException: no such element: Unable to locate element: {"method":"xpath","selector":"//div[@style='background-color: forestgreen; position: relative;']"}
at com.codeborne.selenide.impl.WebElementSource.createElementNotFoundError(WebElementSource.java:37)
at com.codeborne.selenide.impl.ElementFinder.createElementNotFoundError(ElementFinder.java:100)
at com.codeborne.selenide.impl.WebElementSource.checkCondition(WebElementSource.java:65)
at com.codeborne.selenide.commands.Should.execute(Should.java:24)
at com.codeborne.selenide.commands.Should.execute(Should.java:10)
at com.codeborne.selenide.commands.Commands.execute(Commands.java:148)
at com.codeborne.selenide.impl.SelenideElementProxy.dispatchAndRetry(SelenideElementProxy.java:100)
at com.codeborne.selenide.impl.SelenideElementProxy.invoke(SelenideElementProxy.java:66)
at jdk.proxy2/jdk.proxy2.$Proxy23.waitUntil(Unknown Source)
at com.annular.util.AnnulartechDriver.waitForXpathElementToAppear(AnnulartechDriver.java:308)
at com.annular.pages.HomePage.drag1(HomePage.java:125)
at com.annular.stepdefinitions.AnnularTechStepDefinitions.Drag_the_box_to_the_same_box_dragabble(AnnularTechStepDefinitions.java:103)
at ✽.Drag the box to the same box dragabble(file:resources/features/annulartech/Dragabble.feature:7)
Caused by: org.openqa.selenium.NoSuchElementException: no such element: Unable to locate element: {"method":"xpath","selector":"//div[@style='background-color: forestgreen; position: relative;']"}
  (Session info: chrome=99.0.4844.74)
For documentation on this error, please visit: https://www.seleniumhq.org/exceptions/no_such_element.html
Build info: version: '3.141.59', revision: 'e82be7d358', time: '2018-11-14T08:17:03'
System info: host: 'DESKTOP-JG4GJSD', ip: '192.168.1.13', os.name: 'Windows 10', os.arch: 'amd64', os.version: '10.0', java.version: '17.0.1'
Driver info: org.openqa.selenium.chrome.ChromeDriver
Capabilities {acceptInsecureCerts: true, browserName: chrome, browserVersion: 99.0.4844.74, chrome: {chromedriverVersion: 99.0.4844.51 (d537ec02474b5..., userDataDir: C:\Users\DELL\AppData\Local...}, goog:chromeOptions: {debuggerAddress: localhost:57205}, javascriptEnabled: true, networkConnectionEnabled: false, pageLoadStrategy: normal, platform: WINDOWS, platformName: WINDOWS, proxy: Proxy(), setWindowRect: true, strictFileInteractability: false, timeouts: {implicit: 0, pageLoad: 300000, script: 30000}, unhandledPromptBehavior: dismiss and notify, webauthn:extension:credBlob: true, webauthn:extension:largeBlob: true, webauthn:virtualAuthenticators: true}
Session ID: dae0d9c802b7c27968f06f1ef4b33e99
*** Element info: {Using=xpath, value=//div[@style='background-color: forestgreen; position: relative;']}
at java.base/jdk.internal.reflect.NativeConstructorAccessorImpl.newInstance0(Native Method)
at java.base/jdk.internal.reflect.NativeConstructorAccessorImpl.newInstance(NativeConstructorAccessorImpl.java:77)
at java.base/jdk.internal.reflect.DelegatingConstructorAccessorImpl.newInstance(DelegatingConstructorAccessorImpl.java:45)
at java.base/java.lang.reflect.Constructor.newInstanceWithCaller(Constructor.java:499)
at java.base/java.lang.reflect.Constructor.newInstance(Constructor.java:480)
at org.openqa.selenium.remote.http.W3CHttpResponseCodec.createException(W3CHttpResponseCodec.java:187)
at org.openqa.selenium.remote.http.W3CHttpResponseCodec.decode(W3CHttpResponseCodec.java:122)
at org.openqa.selenium.remote.http.W3CHttpResponseCodec.decode(W3CHttpResponseCodec.java:49)
at org.openqa.selenium.remote.HttpCommandExecutor.execute(HttpCommandExecutor.java:158)
at org.openqa.selenium.remote.service.DriverCommandExecutor.execute(DriverCommandExecutor.java:83)
at org.openqa.selenium.remote.RemoteWebDriver.execute(RemoteWebDriver.java:552)
at org.openqa.selenium.remote.RemoteWebDriver.findElement(RemoteWebDriver.java:323)
at org.openqa.selenium.remote.RemoteWebDriver.findElementByXPath(RemoteWebDriver.java:428)
at org.openqa.selenium.By$ByXPath.findElement(By.java:353)
at org.openqa.selenium.remote.RemoteWebDriver.findElement(RemoteWebDriver.java:315)
at com.codeborne.selenide.impl.WebElementSelector.findElement(WebElementSelector.java:30)
at com.codeborne.selenide.impl.ElementFinder.getWebElement(ElementFinder.java:74)
at com.codeborne.selenide.impl.WebElementSource.checkCondition(WebElementSource.java:50)
at com.codeborne.selenide.commands.Should.execute(Should.java:24)
at com.codeborne.selenide.commands.Should.execute(Should.java:10)
at com.codeborne.selenide.commands.Commands.execute(Commands.java:148)
at com.codeborne.selenide.impl.SelenideElementProxy.dispatchAndRetry(SelenideElementProxy.java:100)
at com.codeborne.selenide.impl.SelenideElementProxy.invoke(SelenideElementProxy.java:66)
at jdk.proxy2/jdk.proxy2.$Proxy23.waitUntil(Unknown Source)
at com.annular.util.AnnulartechDriver.waitForXpathElementToAppear(AnnulartechDriver.java:308)
at com.annular.pages.HomePage.drag1(HomePage.java:125)
at com.annular.stepdefinitions.AnnularTechStepDefinitions.Drag_the_box_to_the_same_box_dragabble(AnnularTechStepDefinitions.java:103)
at java.base/jdk.internal.reflect.NativeMethodAccessorImpl.invoke0(Native Method)
at java.base/jdk.internal.reflect.NativeMethodAccessorImpl.invoke(NativeMethodAccessorImpl.java:77)
at java.base/jdk.internal.reflect.DelegatingMethodAccessorImpl.invoke(DelegatingMethodAccessorImpl.java:43)
at java.base/java.lang.reflect.Method.invoke(Method.java:568)
at cucumber.runtime.Utils$1.call(Utils.java:26)
at cucumber.runtime.Timeout.timeout(Timeout.java:16)
at cucumber.runtime.Utils.invoke(Utils.java:20)
at cucumber.runtime.java.JavaStepDefinition.execute(JavaStepDefinition.java:57)
at cucumber.runner.PickleStepDefinitionMatch.runStep(PickleStepDefinitionMatch.java:50)
at cucumber.runner.TestStep.executeStep(TestStep.java:65)
at cucumber.runner.TestStep.run(TestStep.java:50)
at cucumber.runner.PickleStepTestStep.run(PickleStepTestStep.java:43)
at cucumber.runner.TestCase.run(TestCase.java:46)
at cucumber.runner.Runner.runPickle(Runner.java:49)
at cucumber.api.testng.TestNGCucumberRunner.runScenario(TestNGCucumberRunner.java:57)
at cucumber.api.testng.AbstractTestNGCucumberTests.runScenario(AbstractTestNGCucumberTests.java:22)
at java.base/jdk.internal.reflect.NativeMethodAccessorImpl.invoke0(Native Method)
at java.base/jdk.internal.reflect.NativeMethodAccessorImpl.invoke(NativeMethodAccessorImpl.java:77)
at java.base/jdk.internal.reflect.DelegatingMethodAccessorImpl.invoke(DelegatingMethodAccessorImpl.java:43)
at java.base/java.lang.reflect.Method.invoke(Method.java:568)
at org.testng.internal.MethodInvocationHelper.invokeMethod(MethodInvocationHelper.java:134)
at org.testng.internal.TestInvoker.invokeMethod(TestInvoker.java:597)
at org.testng.internal.TestInvoker.invokeTestMethod(TestInvoker.java:173)
at org.testng.internal.MethodRunner.runInSequence(MethodRunner.java:46)
at org.testng.internal.TestInvoker$MethodInvocationAgent.invoke(TestInvoker.java:816)
at org.testng.internal.TestInvoker.invokeTestMethods(TestInvoker.java:146)
at org.testng.internal.TestMethodWorker.invokeTestMethods(TestMethodWorker.java:146)
at org.testng.internal.TestMethodWorker.run(TestMethodWorker.java:128)
at java.base/java.util.concurrent.ThreadPoolExecutor.runWorker(ThreadPoolExecutor.java:1136)
at java.base/java.util.concurrent.ThreadPoolExecutor$Worker.run(ThreadPoolExecutor.java:635)
at java.base/java.lang.Thread.run(Thread.java:833)
]]>
            </full-stacktrace>
          </exception> <!-- com.codeborne.selenide.ex.ElementNotFound -->
          <reporter-output>
          </reporter-output>
        </test-method> <!-- runScenario -->
        <test-method is-config="true" signature="tearDown(org.testng.ITestResult)[pri:0, instance:com.annular.testrunners.TC_106@4d5b6aac]" started-at="2022-03-18T21:35:19 IST" name="tearDown" finished-at="2022-03-18T21:35:20 IST" duration-ms="916" status="PASS">
          <params>
            <param index="0">
              <value>
                <![CDATA[[TestResult name=runScenario status=FAILURE method=AbstractTestNGCucumberTests.runScenario(cucumber.api.testng.PickleEventWrapper, cucumber.api.testng.CucumberFeatureWrapper)[pri:0, instance:com.annular.testrunners.TC_106@4d5b6aac] output={null}]]]>
              </value>
            </param>
          </params>
          <reporter-output>
          </reporter-output>
        </test-method> <!-- tearDown -->
        <test-method is-config="true" signature="tearDownClass()[pri:0, instance:com.annular.testrunners.TC_106@4d5b6aac]" started-at="2022-03-18T21:35:20 IST" name="tearDownClass" finished-at="2022-03-18T21:35:20 IST" duration-ms="459" status="PASS">
          <reporter-output>
          </reporter-output>
        </test-method> <!-- tearDownClass -->
      </class> <!-- com.annular.testrunners.TC_106 -->
      <class name="com.annular.testrunners.TC_105">
        <test-method is-config="true" signature="setUpClass()[pri:0, instance:com.annular.testrunners.TC_105@10d307f1]" started-at="2022-03-18T21:33:44 IST" name="setUpClass" finished-at="2022-03-18T21:33:44 IST" duration-ms="4" status="PASS">
          <reporter-output>
          </reporter-output>
        </test-method> <!-- setUpClass -->
        <test-method is-config="true" signature="setUp(java.lang.String, java.lang.String, java.lang.String)[pri:0, instance:com.annular.testrunners.TC_105@10d307f1]" started-at="2022-03-18T21:33:44 IST" name="setUp" finished-at="2022-03-18T21:33:44 IST" duration-ms="1" status="PASS">
          <params>
            <param index="0">
              <value>
                <![CDATA[chrome]]>
              </value>
            </param>
            <param index="1">
              <value>
                <![CDATA[91.0]]>
              </value>
            </param>
            <param index="2">
              <value>
                <![CDATA[false]]>
              </value>
            </param>
          </params>
          <reporter-output>
          </reporter-output>
        </test-method> <!-- setUp -->
        <test-method is-config="true" signature="beforemethod()[pri:0, instance:com.annular.testrunners.TC_105@10d307f1]" started-at="2022-03-18T21:33:44 IST" name="beforemethod" finished-at="2022-03-18T21:33:44 IST" duration-ms="1" status="PASS">
          <reporter-output>
          </reporter-output>
        </test-method> <!-- beforemethod -->
        <test-method signature="runScenario(cucumber.api.testng.PickleEventWrapper, cucumber.api.testng.CucumberFeatureWrapper)[pri:0, instance:com.annular.testrunners.TC_105@10d307f1]" started-at="2022-03-18T21:33:44 IST" name="runScenario" description="Runs Cucumber Scenarios" data-provider="scenarios" finished-at="2022-03-18T21:33:51 IST" duration-ms="6287" status="PASS">
          <params>
            <param index="0">
              <value>
                <![CDATA["Drag and Drop"]]>
              </value>
            </param>
            <param index="1">
              <value>
                <![CDATA["Dragagable and Dropabble"]]>
              </value>
            </param>
          </params>
          <reporter-output>
          </reporter-output>
        </test-method> <!-- runScenario -->
        <test-method is-config="true" signature="tearDown(org.testng.ITestResult)[pri:0, instance:com.annular.testrunners.TC_105@10d307f1]" started-at="2022-03-18T21:33:51 IST" name="tearDown" finished-at="2022-03-18T21:33:52 IST" duration-ms="1067" status="PASS">
          <params>
            <param index="0">
              <value>
                <![CDATA[[TestResult name=runScenario status=SUCCESS method=AbstractTestNGCucumberTests.runScenario(cucumber.api.testng.PickleEventWrapper, cucumber.api.testng.CucumberFeatureWrapper)[pri:0, instance:com.annular.testrunners.TC_105@10d307f1] output={null}]]]>
              </value>
            </param>
          </params>
          <reporter-output>
          </reporter-output>
        </test-method> <!-- tearDown -->
        <test-method is-config="true" signature="tearDownClass()[pri:0, instance:com.annular.testrunners.TC_105@10d307f1]" started-at="2022-03-18T21:33:52 IST" name="tearDownClass" finished-at="2022-03-18T21:33:52 IST" duration-ms="19" status="PASS">
          <reporter-output>
          </reporter-output>
        </test-method> <!-- tearDownClass -->
      </class> <!-- com.annular.testrunners.TC_105 -->
      <class name="com.annular.testrunners.TC_104">
        <test-method is-config="true" signature="setUpClass()[pri:0, instance:com.annular.testrunners.TC_104@49c7b90e]" started-at="2022-03-18T21:33:36 IST" name="setUpClass" finished-at="2022-03-18T21:33:36 IST" duration-ms="4" status="PASS">
          <reporter-output>
          </reporter-output>
        </test-method> <!-- setUpClass -->
        <test-method is-config="true" signature="setUp(java.lang.String, java.lang.String, java.lang.String)[pri:0, instance:com.annular.testrunners.TC_104@49c7b90e]" started-at="2022-03-18T21:33:36 IST" name="setUp" finished-at="2022-03-18T21:33:36 IST" duration-ms="0" status="PASS">
          <params>
            <param index="0">
              <value>
                <![CDATA[chrome]]>
              </value>
            </param>
            <param index="1">
              <value>
                <![CDATA[91.0]]>
              </value>
            </param>
            <param index="2">
              <value>
                <![CDATA[false]]>
              </value>
            </param>
          </params>
          <reporter-output>
          </reporter-output>
        </test-method> <!-- setUp -->
        <test-method is-config="true" signature="beforemethod()[pri:0, instance:com.annular.testrunners.TC_104@49c7b90e]" started-at="2022-03-18T21:33:36 IST" name="beforemethod" finished-at="2022-03-18T21:33:36 IST" duration-ms="2" status="PASS">
          <reporter-output>
          </reporter-output>
        </test-method> <!-- beforemethod -->
        <test-method signature="runScenario(cucumber.api.testng.PickleEventWrapper, cucumber.api.testng.CucumberFeatureWrapper)[pri:0, instance:com.annular.testrunners.TC_104@49c7b90e]" started-at="2022-03-18T21:33:36 IST" name="runScenario" description="Runs Cucumber Scenarios" data-provider="scenarios" finished-at="2022-03-18T21:33:43 IST" duration-ms="7366" status="PASS">
          <params>
            <param index="0">
              <value>
                <![CDATA["Alert Handling in testLeaf"]]>
              </value>
            </param>
            <param index="1">
              <value>
                <![CDATA["Alert handling"]]>
              </value>
            </param>
          </params>
          <reporter-output>
          </reporter-output>
        </test-method> <!-- runScenario -->
        <test-method is-config="true" signature="tearDown(org.testng.ITestResult)[pri:0, instance:com.annular.testrunners.TC_104@49c7b90e]" started-at="2022-03-18T21:33:43 IST" name="tearDown" finished-at="2022-03-18T21:33:44 IST" duration-ms="1033" status="PASS">
          <params>
            <param index="0">
              <value>
                <![CDATA[[TestResult name=runScenario status=SUCCESS method=AbstractTestNGCucumberTests.runScenario(cucumber.api.testng.PickleEventWrapper, cucumber.api.testng.CucumberFeatureWrapper)[pri:0, instance:com.annular.testrunners.TC_104@49c7b90e] output={null}]]]>
              </value>
            </param>
          </params>
          <reporter-output>
          </reporter-output>
        </test-method> <!-- tearDown -->
        <test-method is-config="true" signature="tearDownClass()[pri:0, instance:com.annular.testrunners.TC_104@49c7b90e]" started-at="2022-03-18T21:33:44 IST" name="tearDownClass" finished-at="2022-03-18T21:33:44 IST" duration-ms="32" status="PASS">
          <reporter-output>
          </reporter-output>
        </test-method> <!-- tearDownClass -->
      </class> <!-- com.annular.testrunners.TC_104 -->
      <class name="com.annular.testrunners.TC_103">
        <test-method is-config="true" signature="setUpClass()[pri:0, instance:com.annular.testrunners.TC_103@73700b80]" started-at="2022-03-18T21:33:28 IST" name="setUpClass" finished-at="2022-03-18T21:33:28 IST" duration-ms="6" status="PASS">
          <reporter-output>
          </reporter-output>
        </test-method> <!-- setUpClass -->
        <test-method is-config="true" signature="setUp(java.lang.String, java.lang.String, java.lang.String)[pri:0, instance:com.annular.testrunners.TC_103@73700b80]" started-at="2022-03-18T21:33:28 IST" name="setUp" finished-at="2022-03-18T21:33:28 IST" duration-ms="0" status="PASS">
          <params>
            <param index="0">
              <value>
                <![CDATA[chrome]]>
              </value>
            </param>
            <param index="1">
              <value>
                <![CDATA[91.0]]>
              </value>
            </param>
            <param index="2">
              <value>
                <![CDATA[false]]>
              </value>
            </param>
          </params>
          <reporter-output>
          </reporter-output>
        </test-method> <!-- setUp -->
        <test-method is-config="true" signature="beforemethod()[pri:0, instance:com.annular.testrunners.TC_103@73700b80]" started-at="2022-03-18T21:33:28 IST" name="beforemethod" finished-at="2022-03-18T21:33:28 IST" duration-ms="2" status="PASS">
          <reporter-output>
          </reporter-output>
        </test-method> <!-- beforemethod -->
        <test-method signature="runScenario(cucumber.api.testng.PickleEventWrapper, cucumber.api.testng.CucumberFeatureWrapper)[pri:0, instance:com.annular.testrunners.TC_103@73700b80]" started-at="2022-03-18T21:33:28 IST" name="runScenario" description="Runs Cucumber Scenarios" data-provider="scenarios" finished-at="2022-03-18T21:33:36 IST" duration-ms="7375" status="PASS">
          <params>
            <param index="0">
              <value>
                <![CDATA["Verify Radio Button"]]>
              </value>
            </param>
            <param index="1">
              <value>
                <![CDATA["Verify Radio button"]]>
              </value>
            </param>
          </params>
          <reporter-output>
          </reporter-output>
        </test-method> <!-- runScenario -->
        <test-method is-config="true" signature="tearDown(org.testng.ITestResult)[pri:0, instance:com.annular.testrunners.TC_103@73700b80]" started-at="2022-03-18T21:33:36 IST" name="tearDown" finished-at="2022-03-18T21:33:36 IST" duration-ms="367" status="PASS">
          <params>
            <param index="0">
              <value>
                <![CDATA[[TestResult name=runScenario status=SUCCESS method=AbstractTestNGCucumberTests.runScenario(cucumber.api.testng.PickleEventWrapper, cucumber.api.testng.CucumberFeatureWrapper)[pri:0, instance:com.annular.testrunners.TC_103@73700b80] output={null}]]]>
              </value>
            </param>
          </params>
          <reporter-output>
          </reporter-output>
        </test-method> <!-- tearDown -->
        <test-method is-config="true" signature="tearDownClass()[pri:0, instance:com.annular.testrunners.TC_103@73700b80]" started-at="2022-03-18T21:33:36 IST" name="tearDownClass" finished-at="2022-03-18T21:33:36 IST" duration-ms="24" status="PASS">
          <reporter-output>
          </reporter-output>
        </test-method> <!-- tearDownClass -->
      </class> <!-- com.annular.testrunners.TC_103 -->
      <class name="com.annular.testrunners.TC_102">
        <test-method is-config="true" signature="setUpClass()[pri:0, instance:com.annular.testrunners.TC_102@6f46426d]" started-at="2022-03-18T21:33:16 IST" name="setUpClass" finished-at="2022-03-18T21:33:16 IST" duration-ms="16" status="PASS">
          <reporter-output>
          </reporter-output>
        </test-method> <!-- setUpClass -->
        <test-method is-config="true" signature="setUp(java.lang.String, java.lang.String, java.lang.String)[pri:0, instance:com.annular.testrunners.TC_102@6f46426d]" started-at="2022-03-18T21:33:16 IST" name="setUp" finished-at="2022-03-18T21:33:16 IST" duration-ms="1" status="PASS">
          <params>
            <param index="0">
              <value>
                <![CDATA[chrome]]>
              </value>
            </param>
            <param index="1">
              <value>
                <![CDATA[91.0]]>
              </value>
            </param>
            <param index="2">
              <value>
                <![CDATA[false]]>
              </value>
            </param>
          </params>
          <reporter-output>
          </reporter-output>
        </test-method> <!-- setUp -->
        <test-method is-config="true" signature="beforemethod()[pri:0, instance:com.annular.testrunners.TC_102@6f46426d]" started-at="2022-03-18T21:33:16 IST" name="beforemethod" finished-at="2022-03-18T21:33:16 IST" duration-ms="1" status="PASS">
          <reporter-output>
          </reporter-output>
        </test-method> <!-- beforemethod -->
        <test-method signature="runScenario(cucumber.api.testng.PickleEventWrapper, cucumber.api.testng.CucumberFeatureWrapper)[pri:0, instance:com.annular.testrunners.TC_102@6f46426d]" started-at="2022-03-18T21:33:16 IST" name="runScenario" description="Runs Cucumber Scenarios" data-provider="scenarios" finished-at="2022-03-18T21:33:27 IST" duration-ms="10854" status="PASS">
          <params>
            <param index="0">
              <value>
                <![CDATA["verify hyperlink displayed in contactpage"]]>
              </value>
            </param>
            <param index="1">
              <value>
                <![CDATA["verify hyperlink displayed in testleaf"]]>
              </value>
            </param>
          </params>
          <reporter-output>
          </reporter-output>
        </test-method> <!-- runScenario -->
        <test-method is-config="true" signature="tearDown(org.testng.ITestResult)[pri:0, instance:com.annular.testrunners.TC_102@6f46426d]" started-at="2022-03-18T21:33:27 IST" name="tearDown" finished-at="2022-03-18T21:33:28 IST" duration-ms="1097" status="PASS">
          <params>
            <param index="0">
              <value>
                <![CDATA[[TestResult name=runScenario status=SUCCESS method=AbstractTestNGCucumberTests.runScenario(cucumber.api.testng.PickleEventWrapper, cucumber.api.testng.CucumberFeatureWrapper)[pri:0, instance:com.annular.testrunners.TC_102@6f46426d] output={null}]]]>
              </value>
            </param>
          </params>
          <reporter-output>
          </reporter-output>
        </test-method> <!-- tearDown -->
        <test-method is-config="true" signature="tearDownClass()[pri:0, instance:com.annular.testrunners.TC_102@6f46426d]" started-at="2022-03-18T21:33:28 IST" name="tearDownClass" finished-at="2022-03-18T21:33:28 IST" duration-ms="126" status="PASS">
          <reporter-output>
          </reporter-output>
        </test-method> <!-- tearDownClass -->
      </class> <!-- com.annular.testrunners.TC_102 -->
      <class name="com.annular.testrunners.TC_101">
        <test-method is-config="true" signature="setUp()[pri:0, instance:com.annular.testrunners.TC_101@3d5c822d]" started-at="2022-03-18T21:32:50 IST" name="setUp" finished-at="2022-03-18T21:32:50 IST" duration-ms="64" status="PASS">
          <reporter-output>
          </reporter-output>
        </test-method> <!-- setUp -->
        <test-method is-config="true" signature="setUpClass()[pri:0, instance:com.annular.testrunners.TC_101@3d5c822d]" started-at="2022-03-18T21:32:50 IST" name="setUpClass" finished-at="2022-03-18T21:32:51 IST" duration-ms="445" status="PASS">
          <reporter-output>
          </reporter-output>
        </test-method> <!-- setUpClass -->
        <test-method is-config="true" signature="setUp(java.lang.String, java.lang.String, java.lang.String)[pri:0, instance:com.annular.testrunners.TC_101@3d5c822d]" started-at="2022-03-18T21:32:51 IST" name="setUp" finished-at="2022-03-18T21:32:51 IST" duration-ms="7" status="PASS">
          <params>
            <param index="0">
              <value>
                <![CDATA[chrome]]>
              </value>
            </param>
            <param index="1">
              <value>
                <![CDATA[91.0]]>
              </value>
            </param>
            <param index="2">
              <value>
                <![CDATA[false]]>
              </value>
            </param>
          </params>
          <reporter-output>
          </reporter-output>
        </test-method> <!-- setUp -->
        <test-method is-config="true" signature="beforemethod()[pri:0, instance:com.annular.testrunners.TC_101@3d5c822d]" started-at="2022-03-18T21:32:51 IST" name="beforemethod" finished-at="2022-03-18T21:32:51 IST" duration-ms="65" status="PASS">
          <reporter-output>
          </reporter-output>
        </test-method> <!-- beforemethod -->
        <test-method signature="runScenario(cucumber.api.testng.PickleEventWrapper, cucumber.api.testng.CucumberFeatureWrapper)[pri:0, instance:com.annular.testrunners.TC_101@3d5c822d]" started-at="2022-03-18T21:32:51 IST" name="runScenario" description="Runs Cucumber Scenarios" data-provider="scenarios" finished-at="2022-03-18T21:33:14 IST" duration-ms="23681" status="PASS">
          <params>
            <param index="0">
              <value>
                <![CDATA["Element Appear in testleaf"]]>
              </value>
            </param>
            <param index="1">
              <value>
                <![CDATA["Element Appear"]]>
              </value>
            </param>
          </params>
          <reporter-output>
          </reporter-output>
        </test-method> <!-- runScenario -->
        <test-method is-config="true" signature="tearDown(org.testng.ITestResult)[pri:0, instance:com.annular.testrunners.TC_101@3d5c822d]" started-at="2022-03-18T21:33:14 IST" name="tearDown" finished-at="2022-03-18T21:33:16 IST" duration-ms="1471" status="PASS">
          <params>
            <param index="0">
              <value>
                <![CDATA[[TestResult name=runScenario status=SUCCESS method=AbstractTestNGCucumberTests.runScenario(cucumber.api.testng.PickleEventWrapper, cucumber.api.testng.CucumberFeatureWrapper)[pri:0, instance:com.annular.testrunners.TC_101@3d5c822d] output={null}]]]>
              </value>
            </param>
          </params>
          <reporter-output>
          </reporter-output>
        </test-method> <!-- tearDown -->
        <test-method is-config="true" signature="tearDownClass()[pri:0, instance:com.annular.testrunners.TC_101@3d5c822d]" started-at="2022-03-18T21:33:16 IST" name="tearDownClass" finished-at="2022-03-18T21:33:16 IST" duration-ms="202" status="PASS">
          <reporter-output>
          </reporter-output>
        </test-method> <!-- tearDownClass -->
      </class> <!-- com.annular.testrunners.TC_101 -->
    </test> <!-- Run All Tests in Google Chrome -->
  </suite> <!-- annular Suite -->
</testng-results>
